> Task :graviton-core:checkKotlinGradlePluginConfigurationErrors SKIPPED
> Task :graviton-core:kaptGenerateStubsKotlin UP-TO-DATE
> Task :graviton-core:kaptKotlin SKIPPED
> Task :graviton-core:compileKotlin UP-TO-DATE
> Task :graviton-core:compileJava NO-SOURCE
> Task :graviton-core:processResources NO-SOURCE
> Task :graviton-core:classes UP-TO-DATE
> Task :graviton-core:jar UP-TO-DATE
> Task :graviton-core:kaptGenerateStubsTestKotlin UP-TO-DATE
> Task :graviton-core:kaptTestKotlin SKIPPED
> Task :graviton-core:processTestResources NO-SOURCE

> Task :graviton-core:compileTestKotlin FAILED
e: file:///C:/Users/xskid/OneDrive/Documents/Code/Ai%20projects/Antigravity/minecraft/Graviton/graviton-core/src/test/kotlin/services/afroforge/graviton/math/Vector3Test.kt:14:16 Argument type mismatch: actual type is 'services.afroforge.graviton.math.MutableVector3', but 'services.afroforge.graviton.math.Vector3' was expected.
e: file:///C:/Users/xskid/OneDrive/Documents/Code/Ai%20projects/Antigravity/minecraft/Graviton/graviton-core/src/test/kotlin/services/afroforge/graviton/math/Vector3Test.kt:41:31 Unresolved reference 'distanceSquared'.
e: file:///C:/Users/xskid/OneDrive/Documents/Code/Ai%20projects/Antigravity/minecraft/Graviton/graviton-core/src/test/kotlin/services/afroforge/graviton/math/Vector3Test.kt:42:30 Unresolved reference 'distance'.

FAILURE: Build failed with an exception.

* What went wrong:
Execution failed for task ':graviton-core:compileTestKotlin'.
> A failure occurred while executing org.jetbrains.kotlin.compilerRunner.GradleCompilerRunnerWithWorkers$GradleKotlinCompilerWorkAction
   > Compilation error. See log for more details

* Try:
> Run with --stacktrace option to get the stack trace.
> Run with --info or --debug option to get more log output.
> Run with --scan to get full insights.
> Get more help at https://help.gradle.org.

BUILD FAILED in 20s
5 actionable tasks: 1 executed, 4 up-to-date
