C:\Users\xskid\OneDrive\Documents\Code\Ai projects\Antigravity\minecraft\Graviton\graviton-core\src\main\kotlin\services\afroforge\graviton\api\EmitterConfig.kt:23:1 Unexpected blank line(s) in value parameter list (standard:no-blank-line-in-list)
C:\Users\xskid\OneDrive\Documents\Code\Ai projects\Antigravity\minecraft\Graviton\graviton-core\src\main\kotlin\services\afroforge\graviton\api\EmitterConfig.kt:23:1 Trailing space(s) (standard:no-trailing-spaces)
C:\Users\xskid\OneDrive\Documents\Code\Ai projects\Antigravity\minecraft\Graviton\graviton-core\src\main\kotlin\services\afroforge\graviton\api\EmitterConfig.kt:41:1 Trailing space(s) (standard:no-trailing-spaces)
C:\Users\xskid\OneDrive\Documents\Code\Ai projects\Antigravity\minecraft\Graviton\graviton-core\src\main\kotlin\services\afroforge\graviton\api\EmitterConfig.kt:44:1 Trailing space(s) (standard:no-trailing-spaces)
C:\Users\xskid\OneDrive\Documents\Code\Ai projects\Antigravity\minecraft\Graviton\graviton-core\src\main\kotlin\services\afroforge\graviton\api\EmitterConfig.kt:55:1 Trailing space(s) (standard:no-trailing-spaces)
C:\Users\xskid\OneDrive\Documents\Code\Ai projects\Antigravity\minecraft\Graviton\graviton-core\src\main\kotlin\services\afroforge\graviton\api\EmitterConfig.kt:56:5 Expected a blank line for this declaration (standard:blank-line-before-declaration)
C:\Users\xskid\OneDrive\Documents\Code\Ai projects\Antigravity\minecraft\Graviton\graviton-core\src\main\kotlin\services\afroforge\graviton\api\EmitterConfig.kt:58:1 Trailing space(s) (standard:no-trailing-spaces)
C:\Users\xskid\OneDrive\Documents\Code\Ai projects\Antigravity\minecraft\Graviton\graviton-core\src\main\kotlin\services\afroforge\graviton\api\EmitterConfig.kt:59:5 Expected a blank line for this declaration (standard:blank-line-before-declaration)
C:\Users\xskid\OneDrive\Documents\Code\Ai projects\Antigravity\minecraft\Graviton\graviton-core\src\main\kotlin\services\afroforge\graviton\api\EmitterConfig.kt:61:1 Trailing space(s) (standard:no-trailing-spaces)
C:\Users\xskid\OneDrive\Documents\Code\Ai projects\Antigravity\minecraft\Graviton\graviton-core\src\main\kotlin\services\afroforge\graviton\api\EmitterConfig.kt:62:5 Expected a blank line for this declaration (standard:blank-line-before-declaration)
C:\Users\xskid\OneDrive\Documents\Code\Ai projects\Antigravity\minecraft\Graviton\graviton-core\src\main\kotlin\services\afroforge\graviton\api\EmitterConfig.kt:67:1 Trailing space(s) (standard:no-trailing-spaces)
C:\Users\xskid\OneDrive\Documents\Code\Ai projects\Antigravity\minecraft\Graviton\graviton-core\src\main\kotlin\services\afroforge\graviton\api\EmitterConfig.kt:68:5 Expected a blank line for this declaration (standard:blank-line-before-declaration)
C:\Users\xskid\OneDrive\Documents\Code\Ai projects\Antigravity\minecraft\Graviton\graviton-core\src\main\kotlin\services\afroforge\graviton\api\EmitterConfig.kt:74:1 Trailing space(s) (standard:no-trailing-spaces)
C:\Users\xskid\OneDrive\Documents\Code\Ai projects\Antigravity\minecraft\Graviton\graviton-core\src\main\kotlin\services\afroforge\graviton\api\EmitterConfig.kt:75:5 Expected a blank line for this declaration (standard:blank-line-before-declaration)
C:\Users\xskid\OneDrive\Documents\Code\Ai projects\Antigravity\minecraft\Graviton\graviton-core\src\main\kotlin\services\afroforge\graviton\api\ParticleConfig.kt:17:1 Unexpected blank line(s) in value parameter list (standard:no-blank-line-in-list)
C:\Users\xskid\OneDrive\Documents\Code\Ai projects\Antigravity\minecraft\Graviton\graviton-core\src\main\kotlin\services\afroforge\graviton\api\ParticleConfig.kt:17:1 Trailing space(s) (standard:no-trailing-spaces)
C:\Users\xskid\OneDrive\Documents\Code\Ai projects\Antigravity\minecraft\Graviton\graviton-core\src\main\kotlin\services\afroforge\graviton\api\ParticleConfig.kt:20:1 Unexpected blank line(s) in value parameter list (standard:no-blank-line-in-list)
C:\Users\xskid\OneDrive\Documents\Code\Ai projects\Antigravity\minecraft\Graviton\graviton-core\src\main\kotlin\services\afroforge\graviton\api\ParticleConfig.kt:20:1 Trailing space(s) (standard:no-trailing-spaces)
C:\Users\xskid\OneDrive\Documents\Code\Ai projects\Antigravity\minecraft\Graviton\graviton-core\src\main\kotlin\services\afroforge\graviton\api\ParticleConfig.kt:23:1 Unexpected blank line(s) in value parameter list (standard:no-blank-line-in-list)
C:\Users\xskid\OneDrive\Documents\Code\Ai projects\Antigravity\minecraft\Graviton\graviton-core\src\main\kotlin\services\afroforge\graviton\api\ParticleConfig.kt:23:1 Trailing space(s) (standard:no-trailing-spaces)
C:\Users\xskid\OneDrive\Documents\Code\Ai projects\Antigravity\minecraft\Graviton\graviton-core\src\main\kotlin\services\afroforge\graviton\api\ParticleConfig.kt:26:1 Unexpected blank line(s) in value parameter list (standard:no-blank-line-in-list)
C:\Users\xskid\OneDrive\Documents\Code\Ai projects\Antigravity\minecraft\Graviton\graviton-core\src\main\kotlin\services\afroforge\graviton\api\ParticleConfig.kt:26:1 Trailing space(s) (standard:no-trailing-spaces)
C:\Users\xskid\OneDrive\Documents\Code\Ai projects\Antigravity\minecraft\Graviton\graviton-core\src\main\kotlin\services\afroforge\graviton\api\ParticleConfig.kt:29:1 Unexpected blank line(s) in value parameter list (standard:no-blank-line-in-list)
C:\Users\xskid\OneDrive\Documents\Code\Ai projects\Antigravity\minecraft\Graviton\graviton-core\src\main\kotlin\services\afroforge\graviton\api\ParticleConfig.kt:29:1 Trailing space(s) (standard:no-trailing-spaces)
C:\Users\xskid\OneDrive\Documents\Code\Ai projects\Antigravity\minecraft\Graviton\graviton-core\src\main\kotlin\services\afroforge\graviton\api\ParticleConfig.kt:32:1 Unexpected blank line(s) in value parameter list (standard:no-blank-line-in-list)
C:\Users\xskid\OneDrive\Documents\Code\Ai projects\Antigravity\minecraft\Graviton\graviton-core\src\main\kotlin\services\afroforge\graviton\api\ParticleConfig.kt:32:1 Trailing space(s) (standard:no-trailing-spaces)
C:\Users\xskid\OneDrive\Documents\Code\Ai projects\Antigravity\minecraft\Graviton\graviton-core\src\main\kotlin\services\afroforge\graviton\api\ParticleConfig.kt:35:1 Unexpected blank line(s) in value parameter list (standard:no-blank-line-in-list)
C:\Users\xskid\OneDrive\Documents\Code\Ai projects\Antigravity\minecraft\Graviton\graviton-core\src\main\kotlin\services\afroforge\graviton\api\ParticleConfig.kt:35:1 Trailing space(s) (standard:no-trailing-spaces)
C:\Users\xskid\OneDrive\Documents\Code\Ai projects\Antigravity\minecraft\Graviton\graviton-core\src\main\kotlin\services\afroforge\graviton\api\ParticleConfig.kt:50:1 Trailing space(s) (standard:no-trailing-spaces)
C:\Users\xskid\OneDrive\Documents\Code\Ai projects\Antigravity\minecraft\Graviton\graviton-core\src\main\kotlin\services\afroforge\graviton\api\ParticleConfig.kt:53:1 Trailing space(s) (standard:no-trailing-spaces)
C:\Users\xskid\OneDrive\Documents\Code\Ai projects\Antigravity\minecraft\Graviton\graviton-core\src\main\kotlin\services\afroforge\graviton\api\ParticleConfig.kt:56:1 Trailing space(s) (standard:no-trailing-spaces)
C:\Users\xskid\OneDrive\Documents\Code\Ai projects\Antigravity\minecraft\Graviton\graviton-core\src\main\kotlin\services\afroforge\graviton\math\Interpolation.kt:5:1 Wildcard import (cannot be auto-corrected) (standard:no-wildcard-imports)
C:\Users\xskid\OneDrive\Documents\Code\Ai projects\Antigravity\minecraft\Graviton\graviton-core\src\main\kotlin\services\afroforge\graviton\math\Quaternion.kt:5:1 Wildcard import (cannot be auto-corrected) (standard:no-wildcard-imports)

FAILURE: Build failed with an exception.

* What went wrong:
Execution failed for task ':graviton-core:ktlintMainSourceSetCheck'.
> A failure occurred while executing org.jlleitschuh.gradle.ktlint.worker.ConsoleReportWorkAction
   > KtLint found code style violations. Please see the following reports:
     - C:\Users\xskid\OneDrive\Documents\Code\Ai projects\Antigravity\minecraft\Graviton\graviton-core\build\reports\ktlint\ktlintMainSourceSetCheck\ktlintMainSourceSetCheck.txt

* Try:
> Run with --stacktrace option to get the stack trace.
> Run with --info or --debug option to get more log output.
> Run with --scan to get full insights.
> Get more help at https://help.gradle.org.

BUILD FAILED in 21s
5 actionable tasks: 1 executed, 4 up-to-date
