Initialized native services in: C:\Users\xskid\.gradle\native
Initialized jansi services in: C:\Users\xskid\.gradle\native
Received JVM installation metadata from 'C:\Program Files\Eclipse Adoptium\jdk-21.0.10.7-hotspot': {JAVA_HOME=C:\Program Files\Eclipse Adoptium\jdk-21.0.10.7-hotspot, JAVA_VERSION=21.0.10, JAVA_VENDOR=Eclipse Adoptium, RUNTIME_NAME=OpenJDK Runtime Environment, RUNTIME_VERSION=21.0.10+7-LTS, VM_NAME=OpenJDK 64-Bit Server VM, VM_VERSION=21.0.10+7-LTS, VM_VENDOR=Eclipse Adoptium, OS_ARCH=amd64}
To honour the JVM settings for this build a single-use Daemon process will be forked. For more on this, please refer to https://docs.gradle.org/8.10.2/userguide/gradle_daemon.html#sec:disabling_the_daemon in the Gradle documentation.
Starting process 'Gradle build daemon'. Working directory: C:\Users\xskid\.gradle\daemon\8.10.2 Command: C:\Program Files\Eclipse Adoptium\jdk-21.0.10.7-hotspot\bin\java.exe --add-opens=java.base/java.util=ALL-UNNAMED --add-opens=java.base/java.lang=ALL-UNNAMED --add-opens=java.base/java.lang.invoke=ALL-UNNAMED --add-opens=java.prefs/java.util.prefs=ALL-UNNAMED --add-exports=jdk.compiler/com.sun.tools.javac.api=ALL-UNNAMED --add-exports=jdk.compiler/com.sun.tools.javac.util=ALL-UNNAMED --add-opens=java.base/java.nio.charset=ALL-UNNAMED --add-opens=java.base/java.net=ALL-UNNAMED --add-opens=java.base/java.util.concurrent.atomic=ALL-UNNAMED -XX:MaxMetaspaceSize=384m -XX:+HeapDumpOnOutOfMemoryError -Xms256m -Xmx512m -Dfile.encoding=UTF-8 -Duser.country=US -Duser.language=en -Duser.variant -cp C:\Users\xskid\.gradle\wrapper\dists\gradle-8.10.2-bin\a04bxjujx95o3nb99gddekhwo\gradle-8.10.2\lib\gradle-daemon-main-8.10.2.jar -javaagent:C:\Users\xskid\.gradle\wrapper\dists\gradle-8.10.2-bin\a04bxjujx95o3nb99gddekhwo\gradle-8.10.2\lib\agents\gradle-instrumentation-agent-8.10.2.jar org.gradle.launcher.daemon.bootstrap.GradleDaemon 8.10.2
Successfully started process 'Gradle build daemon'
An attempt to start the daemon took 3.417 secs.
The client will now receive all logging from the daemon (pid: 32016). The daemon log file: C:\Users\xskid\.gradle\daemon\8.10.2\daemon-32016.out.log
Daemon will be stopped at the end of the build 
Using 12 worker leases.
Received JVM installation metadata from 'C:\Program Files\Eclipse Adoptium\jdk-21.0.10.7-hotspot': {JAVA_HOME=C:\Program Files\Eclipse Adoptium\jdk-21.0.10.7-hotspot, JAVA_VERSION=21.0.10, JAVA_VENDOR=Eclipse Adoptium, RUNTIME_NAME=OpenJDK Runtime Environment, RUNTIME_VERSION=21.0.10+7-LTS, VM_NAME=OpenJDK 64-Bit Server VM, VM_VERSION=21.0.10+7-LTS, VM_VENDOR=Eclipse Adoptium, OS_ARCH=amd64}
Watching the file system is configured to be enabled if available
Now considering [C:\Users\xskid\OneDrive\Documents\Code\Ai projects\Antigravity\minecraft\Graviton] as hierarchies to watch
File system watching is active
Starting Build
Settings evaluated using settings file 'C:\Users\xskid\OneDrive\Documents\Code\Ai projects\Antigravity\minecraft\Graviton\settings.gradle.kts'.
Projects loaded. Root project using build file 'C:\Users\xskid\OneDrive\Documents\Code\Ai projects\Antigravity\minecraft\Graviton\build.gradle.kts'.
Included projects: [root project 'graviton', project ':graviton-bukkit', project ':graviton-core']

> Configure project :
Evaluating root project 'graviton' using build file 'C:\Users\xskid\OneDrive\Documents\Code\Ai projects\Antigravity\minecraft\Graviton\build.gradle.kts'.
Transforming kotlin-gradle-plugin-model-2.0.21.jar (org.jetbrains.kotlin:kotlin-gradle-plugin-model:2.0.21) with InstrumentationAnalysisTransform
Transforming kotlin-gradle-plugin-api-2.0.21.jar (org.jetbrains.kotlin:kotlin-gradle-plugin-api:2.0.21) with InstrumentationAnalysisTransform
Transforming kotlin-gradle-plugin-2.0.21-gradle85.jar (org.jetbrains.kotlin:kotlin-gradle-plugin:2.0.21) with InstrumentationAnalysisTransform
Transforming kotlin-gradle-plugin-idea-proto-2.0.21.jar (org.jetbrains.kotlin:kotlin-gradle-plugin-idea-proto:2.0.21) with InstrumentationAnalysisTransform
Transforming kotlin-gradle-plugin-idea-2.0.21.jar (org.jetbrains.kotlin:kotlin-gradle-plugin-idea:2.0.21) with InstrumentationAnalysisTransform
Transforming kotlin-klib-commonizer-api-2.0.21.jar (org.jetbrains.kotlin:kotlin-klib-commonizer-api:2.0.21) with InstrumentationAnalysisTransform
Transforming kotlin-build-statistics-2.0.21.jar (org.jetbrains.kotlin:kotlin-build-statistics:2.0.21) with InstrumentationAnalysisTransform
Transforming kotlin-build-tools-api-2.0.21.jar (org.jetbrains.kotlin:kotlin-build-tools-api:2.0.21) with InstrumentationAnalysisTransform
Transforming kotlin-compiler-runner-2.0.21.jar (org.jetbrains.kotlin:kotlin-compiler-runner:2.0.21) with InstrumentationAnalysisTransform
Transforming kotlin-native-utils-2.0.21.jar (org.jetbrains.kotlin:kotlin-native-utils:2.0.21) with InstrumentationAnalysisTransform
Transforming kotlin-util-klib-2.0.21.jar (org.jetbrains.kotlin:kotlin-util-klib:2.0.21) with InstrumentationAnalysisTransform
Transforming kotlin-compiler-embeddable-2.0.21.jar (org.jetbrains.kotlin:kotlin-compiler-embeddable:2.0.21) with InstrumentationAnalysisTransform
Transforming kotlin-gradle-plugin-annotations-2.0.21.jar (org.jetbrains.kotlin:kotlin-gradle-plugin-annotations:2.0.21) with InstrumentationAnalysisTransform
Transforming kotlin-tooling-core-2.0.21.jar (org.jetbrains.kotlin:kotlin-tooling-core:2.0.21) with InstrumentationAnalysisTransform
Transforming gson-2.8.9.jar (com.google.code.gson:gson:2.8.9) with InstrumentationAnalysisTransform
Transforming kotlin-daemon-client-2.0.21.jar (org.jetbrains.kotlin:kotlin-daemon-client:2.0.21) with InstrumentationAnalysisTransform
Transforming kotlinx-coroutines-core-jvm-1.6.4.jar (org.jetbrains.kotlinx:kotlinx-coroutines-core-jvm:1.6.4) with InstrumentationAnalysisTransform
Transforming kotlin-util-io-2.0.21.jar (org.jetbrains.kotlin:kotlin-util-io:2.0.21) with InstrumentationAnalysisTransform
Transforming kotlin-daemon-embeddable-2.0.21.jar (org.jetbrains.kotlin:kotlin-daemon-embeddable:2.0.21) with InstrumentationAnalysisTransform
Transforming trove4j-1.0.20200330.jar (org.jetbrains.intellij.deps:trove4j:1.0.20200330) with InstrumentationAnalysisTransform
Transforming kotlin-gradle-plugin-model-2.0.21.jar (org.jetbrains.kotlin:kotlin-gradle-plugin-model:2.0.21) with InstrumentationAnalysisTransform
Transforming kotlin-gradle-plugin-model-2.0.21.jar (org.jetbrains.kotlin:kotlin-gradle-plugin-model:2.0.21) with MergeInstrumentationAnalysisTransform
Transforming kotlin-gradle-plugin-api-2.0.21.jar (org.jetbrains.kotlin:kotlin-gradle-plugin-api:2.0.21) with InstrumentationAnalysisTransform
Transforming kotlin-gradle-plugin-api-2.0.21.jar (org.jetbrains.kotlin:kotlin-gradle-plugin-api:2.0.21) with MergeInstrumentationAnalysisTransform
Transforming kotlin-gradle-plugin-2.0.21-gradle85.jar (org.jetbrains.kotlin:kotlin-gradle-plugin:2.0.21) with InstrumentationAnalysisTransform
Transforming kotlin-gradle-plugin-2.0.21-gradle85.jar (org.jetbrains.kotlin:kotlin-gradle-plugin:2.0.21) with MergeInstrumentationAnalysisTransform
Transforming kotlin-gradle-plugin-idea-proto-2.0.21.jar (org.jetbrains.kotlin:kotlin-gradle-plugin-idea-proto:2.0.21) with InstrumentationAnalysisTransform
Transforming kotlin-gradle-plugin-idea-proto-2.0.21.jar (org.jetbrains.kotlin:kotlin-gradle-plugin-idea-proto:2.0.21) with MergeInstrumentationAnalysisTransform
Transforming kotlin-gradle-plugin-idea-2.0.21.jar (org.jetbrains.kotlin:kotlin-gradle-plugin-idea:2.0.21) with InstrumentationAnalysisTransform
Transforming kotlin-gradle-plugin-idea-2.0.21.jar (org.jetbrains.kotlin:kotlin-gradle-plugin-idea:2.0.21) with MergeInstrumentationAnalysisTransform
Transforming kotlin-klib-commonizer-api-2.0.21.jar (org.jetbrains.kotlin:kotlin-klib-commonizer-api:2.0.21) with InstrumentationAnalysisTransform
Transforming kotlin-klib-commonizer-api-2.0.21.jar (org.jetbrains.kotlin:kotlin-klib-commonizer-api:2.0.21) with MergeInstrumentationAnalysisTransform
Transforming kotlin-build-statistics-2.0.21.jar (org.jetbrains.kotlin:kotlin-build-statistics:2.0.21) with InstrumentationAnalysisTransform
Transforming kotlin-build-statistics-2.0.21.jar (org.jetbrains.kotlin:kotlin-build-statistics:2.0.21) with MergeInstrumentationAnalysisTransform
Transforming kotlin-build-tools-api-2.0.21.jar (org.jetbrains.kotlin:kotlin-build-tools-api:2.0.21) with InstrumentationAnalysisTransform
Transforming kotlin-build-tools-api-2.0.21.jar (org.jetbrains.kotlin:kotlin-build-tools-api:2.0.21) with MergeInstrumentationAnalysisTransform
Transforming kotlin-compiler-runner-2.0.21.jar (org.jetbrains.kotlin:kotlin-compiler-runner:2.0.21) with InstrumentationAnalysisTransform
Transforming kotlin-compiler-runner-2.0.21.jar (org.jetbrains.kotlin:kotlin-compiler-runner:2.0.21) with MergeInstrumentationAnalysisTransform
Transforming kotlin-native-utils-2.0.21.jar (org.jetbrains.kotlin:kotlin-native-utils:2.0.21) with InstrumentationAnalysisTransform
Transforming kotlin-native-utils-2.0.21.jar (org.jetbrains.kotlin:kotlin-native-utils:2.0.21) with MergeInstrumentationAnalysisTransform
Transforming kotlin-util-klib-2.0.21.jar (org.jetbrains.kotlin:kotlin-util-klib:2.0.21) with InstrumentationAnalysisTransform
Transforming kotlin-util-klib-2.0.21.jar (org.jetbrains.kotlin:kotlin-util-klib:2.0.21) with MergeInstrumentationAnalysisTransform
Transforming kotlin-compiler-embeddable-2.0.21.jar (org.jetbrains.kotlin:kotlin-compiler-embeddable:2.0.21) with InstrumentationAnalysisTransform
Transforming kotlin-compiler-embeddable-2.0.21.jar (org.jetbrains.kotlin:kotlin-compiler-embeddable:2.0.21) with MergeInstrumentationAnalysisTransform
Transforming kotlin-gradle-plugin-annotations-2.0.21.jar (org.jetbrains.kotlin:kotlin-gradle-plugin-annotations:2.0.21) with InstrumentationAnalysisTransform
Transforming kotlin-gradle-plugin-annotations-2.0.21.jar (org.jetbrains.kotlin:kotlin-gradle-plugin-annotations:2.0.21) with MergeInstrumentationAnalysisTransform
Transforming kotlin-tooling-core-2.0.21.jar (org.jetbrains.kotlin:kotlin-tooling-core:2.0.21) with InstrumentationAnalysisTransform
Transforming kotlin-tooling-core-2.0.21.jar (org.jetbrains.kotlin:kotlin-tooling-core:2.0.21) with MergeInstrumentationAnalysisTransform
Transforming gson-2.8.9.jar (com.google.code.gson:gson:2.8.9) with InstrumentationAnalysisTransform
Transforming gson-2.8.9.jar (com.google.code.gson:gson:2.8.9) with MergeInstrumentationAnalysisTransform
Transforming kotlin-daemon-client-2.0.21.jar (org.jetbrains.kotlin:kotlin-daemon-client:2.0.21) with InstrumentationAnalysisTransform
Transforming kotlin-daemon-client-2.0.21.jar (org.jetbrains.kotlin:kotlin-daemon-client:2.0.21) with MergeInstrumentationAnalysisTransform
Transforming kotlinx-coroutines-core-jvm-1.6.4.jar (org.jetbrains.kotlinx:kotlinx-coroutines-core-jvm:1.6.4) with InstrumentationAnalysisTransform
Transforming kotlinx-coroutines-core-jvm-1.6.4.jar (org.jetbrains.kotlinx:kotlinx-coroutines-core-jvm:1.6.4) with MergeInstrumentationAnalysisTransform
Transforming kotlin-util-io-2.0.21.jar (org.jetbrains.kotlin:kotlin-util-io:2.0.21) with InstrumentationAnalysisTransform
Transforming kotlin-util-io-2.0.21.jar (org.jetbrains.kotlin:kotlin-util-io:2.0.21) with MergeInstrumentationAnalysisTransform
Transforming kotlin-daemon-embeddable-2.0.21.jar (org.jetbrains.kotlin:kotlin-daemon-embeddable:2.0.21) with InstrumentationAnalysisTransform
Transforming kotlin-daemon-embeddable-2.0.21.jar (org.jetbrains.kotlin:kotlin-daemon-embeddable:2.0.21) with MergeInstrumentationAnalysisTransform
Transforming trove4j-1.0.20200330.jar (org.jetbrains.intellij.deps:trove4j:1.0.20200330) with InstrumentationAnalysisTransform
Transforming trove4j-1.0.20200330.jar (org.jetbrains.intellij.deps:trove4j:1.0.20200330) with MergeInstrumentationAnalysisTransform
Transforming kotlin-klib-commonizer-api-2.0.21.jar (org.jetbrains.kotlin:kotlin-klib-commonizer-api:2.0.21) with ExternalDependencyInstrumentingArtifactTransform
Transforming kotlin-gradle-plugin-model-2.0.21.jar (org.jetbrains.kotlin:kotlin-gradle-plugin-model:2.0.21) with ExternalDependencyInstrumentingArtifactTransform
Transforming kotlin-gradle-plugin-idea-2.0.21.jar (org.jetbrains.kotlin:kotlin-gradle-plugin-idea:2.0.21) with ExternalDependencyInstrumentingArtifactTransform
Transforming kotlin-gradle-plugin-idea-proto-2.0.21.jar (org.jetbrains.kotlin:kotlin-gradle-plugin-idea-proto:2.0.21) with ExternalDependencyInstrumentingArtifactTransform
Transforming kotlin-native-utils-2.0.21.jar (org.jetbrains.kotlin:kotlin-native-utils:2.0.21) with ExternalDependencyInstrumentingArtifactTransform
Transforming kotlin-gradle-plugin-api-2.0.21.jar (org.jetbrains.kotlin:kotlin-gradle-plugin-api:2.0.21) with ExternalDependencyInstrumentingArtifactTransform
Transforming kotlin-build-tools-api-2.0.21.jar (org.jetbrains.kotlin:kotlin-build-tools-api:2.0.21) with ExternalDependencyInstrumentingArtifactTransform
Transforming kotlin-compiler-runner-2.0.21.jar (org.jetbrains.kotlin:kotlin-compiler-runner:2.0.21) with ExternalDependencyInstrumentingArtifactTransform
Transforming kotlin-compiler-embeddable-2.0.21.jar (org.jetbrains.kotlin:kotlin-compiler-embeddable:2.0.21) with ExternalDependencyInstrumentingArtifactTransform
Transforming kotlin-build-statistics-2.0.21.jar (org.jetbrains.kotlin:kotlin-build-statistics:2.0.21) with ExternalDependencyInstrumentingArtifactTransform
Transforming kotlin-util-klib-2.0.21.jar (org.jetbrains.kotlin:kotlin-util-klib:2.0.21) with ExternalDependencyInstrumentingArtifactTransform
Transforming kotlin-gradle-plugin-2.0.21-gradle85.jar (org.jetbrains.kotlin:kotlin-gradle-plugin:2.0.21) with ExternalDependencyInstrumentingArtifactTransform
Transforming kotlin-gradle-plugin-annotations-2.0.21.jar (org.jetbrains.kotlin:kotlin-gradle-plugin-annotations:2.0.21) with ExternalDependencyInstrumentingArtifactTransform
Transforming kotlin-tooling-core-2.0.21.jar (org.jetbrains.kotlin:kotlin-tooling-core:2.0.21) with ExternalDependencyInstrumentingArtifactTransform
Transforming kotlin-daemon-client-2.0.21.jar (org.jetbrains.kotlin:kotlin-daemon-client:2.0.21) with ExternalDependencyInstrumentingArtifactTransform
Transforming gson-2.8.9.jar (com.google.code.gson:gson:2.8.9) with ExternalDependencyInstrumentingArtifactTransform
Transforming kotlinx-coroutines-core-jvm-1.6.4.jar (org.jetbrains.kotlinx:kotlinx-coroutines-core-jvm:1.6.4) with ExternalDependencyInstrumentingArtifactTransform
Transforming kotlin-util-io-2.0.21.jar (org.jetbrains.kotlin:kotlin-util-io:2.0.21) with ExternalDependencyInstrumentingArtifactTransform
Transforming kotlin-daemon-embeddable-2.0.21.jar (org.jetbrains.kotlin:kotlin-daemon-embeddable:2.0.21) with ExternalDependencyInstrumentingArtifactTransform
Transforming trove4j-1.0.20200330.jar (org.jetbrains.intellij.deps:trove4j:1.0.20200330) with ExternalDependencyInstrumentingArtifactTransform
Using Kotlin Gradle Plugin gradle85 variant
kotlin scripting plugin: created the scripting discovery configuration: kotlinScriptDef
kotlin scripting plugin: created the scripting discovery configuration: testKotlinScriptDef
Using Kotlin Gradle Plugin gradle85 variant
kotlin scripting plugin: created the scripting discovery configuration: kotlinScriptDef
kotlin scripting plugin: created the scripting discovery configuration: testKotlinScriptDef

> Configure project :graviton-bukkit
Evaluating project ':graviton-bukkit' using build file 'C:\Users\xskid\OneDrive\Documents\Code\Ai projects\Antigravity\minecraft\Graviton\graviton-bukkit\build.gradle.kts'.
Transforming shadow-8.1.1.jar (com.github.johnrengelman:shadow:8.1.1) with InstrumentationAnalysisTransform
Transforming log4j-core-2.20.0.jar (org.apache.logging.log4j:log4j-core:2.20.0) with InstrumentationAnalysisTransform
Transforming jdom2-2.0.6.1.jar (org.jdom:jdom2:2.0.6.1) with InstrumentationAnalysisTransform
Transforming asm-commons-9.4.jar (org.ow2.asm:asm-commons:9.4) with InstrumentationAnalysisTransform
Transforming asm-tree-9.4.jar (org.ow2.asm:asm-tree:9.4) with InstrumentationAnalysisTransform
Transforming asm-9.4.jar (org.ow2.asm:asm:9.4) with InstrumentationAnalysisTransform
Transforming commons-io-2.11.0.jar (commons-io:commons-io:2.11.0) with InstrumentationAnalysisTransform
Transforming ant-1.10.13.jar (org.apache.ant:ant:1.10.13) with InstrumentationAnalysisTransform
Transforming plexus-utils-3.5.1.jar (org.codehaus.plexus:plexus-utils:3.5.1) with InstrumentationAnalysisTransform
Transforming jdependency-2.8.0.jar (org.vafer:jdependency:2.8.0) with InstrumentationAnalysisTransform
Transforming ant-launcher-1.10.13.jar (org.apache.ant:ant-launcher:1.10.13) with InstrumentationAnalysisTransform
Transforming log4j-api-2.20.0.jar (org.apache.logging.log4j:log4j-api:2.20.0) with InstrumentationAnalysisTransform
Transforming shadow-8.1.1.jar (com.github.johnrengelman:shadow:8.1.1) with InstrumentationAnalysisTransform
Transforming shadow-8.1.1.jar (com.github.johnrengelman:shadow:8.1.1) with MergeInstrumentationAnalysisTransform
Transforming log4j-core-2.20.0.jar (org.apache.logging.log4j:log4j-core:2.20.0) with InstrumentationAnalysisTransform
Transforming log4j-core-2.20.0.jar (org.apache.logging.log4j:log4j-core:2.20.0) with MergeInstrumentationAnalysisTransform
Transforming jdom2-2.0.6.1.jar (org.jdom:jdom2:2.0.6.1) with InstrumentationAnalysisTransform
Transforming jdom2-2.0.6.1.jar (org.jdom:jdom2:2.0.6.1) with MergeInstrumentationAnalysisTransform
Transforming asm-commons-9.4.jar (org.ow2.asm:asm-commons:9.4) with InstrumentationAnalysisTransform
Transforming asm-commons-9.4.jar (org.ow2.asm:asm-commons:9.4) with MergeInstrumentationAnalysisTransform
Transforming asm-tree-9.4.jar (org.ow2.asm:asm-tree:9.4) with InstrumentationAnalysisTransform
Transforming asm-tree-9.4.jar (org.ow2.asm:asm-tree:9.4) with MergeInstrumentationAnalysisTransform
Transforming asm-9.4.jar (org.ow2.asm:asm:9.4) with InstrumentationAnalysisTransform
Transforming asm-9.4.jar (org.ow2.asm:asm:9.4) with MergeInstrumentationAnalysisTransform
Transforming commons-io-2.11.0.jar (commons-io:commons-io:2.11.0) with InstrumentationAnalysisTransform
Transforming commons-io-2.11.0.jar (commons-io:commons-io:2.11.0) with MergeInstrumentationAnalysisTransform
Transforming ant-1.10.13.jar (org.apache.ant:ant:1.10.13) with InstrumentationAnalysisTransform
Transforming ant-1.10.13.jar (org.apache.ant:ant:1.10.13) with MergeInstrumentationAnalysisTransform
Transforming plexus-utils-3.5.1.jar (org.codehaus.plexus:plexus-utils:3.5.1) with InstrumentationAnalysisTransform
Transforming plexus-utils-3.5.1.jar (org.codehaus.plexus:plexus-utils:3.5.1) with MergeInstrumentationAnalysisTransform
Transforming jdependency-2.8.0.jar (org.vafer:jdependency:2.8.0) with InstrumentationAnalysisTransform
Transforming jdependency-2.8.0.jar (org.vafer:jdependency:2.8.0) with MergeInstrumentationAnalysisTransform
Transforming ant-launcher-1.10.13.jar (org.apache.ant:ant-launcher:1.10.13) with InstrumentationAnalysisTransform
Transforming ant-launcher-1.10.13.jar (org.apache.ant:ant-launcher:1.10.13) with MergeInstrumentationAnalysisTransform
Transforming log4j-api-2.20.0.jar (org.apache.logging.log4j:log4j-api:2.20.0) with InstrumentationAnalysisTransform
Transforming log4j-api-2.20.0.jar (org.apache.logging.log4j:log4j-api:2.20.0) with MergeInstrumentationAnalysisTransform
Transforming asm-tree-9.4.jar (org.ow2.asm:asm-tree:9.4) with ExternalDependencyInstrumentingArtifactTransform
Transforming commons-io-2.11.0.jar (commons-io:commons-io:2.11.0) with ExternalDependencyInstrumentingArtifactTransform
Transforming asm-9.4.jar (org.ow2.asm:asm:9.4) with ExternalDependencyInstrumentingArtifactTransform
Transforming shadow-8.1.1.jar (com.github.johnrengelman:shadow:8.1.1) with ExternalDependencyInstrumentingArtifactTransform
Transforming jdependency-2.8.0.jar (org.vafer:jdependency:2.8.0) with ExternalDependencyInstrumentingArtifactTransform
Transforming log4j-core-2.20.0.jar (org.apache.logging.log4j:log4j-core:2.20.0) with ExternalDependencyInstrumentingArtifactTransform
Transforming ant-1.10.13.jar (org.apache.ant:ant:1.10.13) with ExternalDependencyInstrumentingArtifactTransform
Transforming jdom2-2.0.6.1.jar (org.jdom:jdom2:2.0.6.1) with ExternalDependencyInstrumentingArtifactTransform
Transforming asm-commons-9.4.jar (org.ow2.asm:asm-commons:9.4) with ExternalDependencyInstrumentingArtifactTransform
Transforming plexus-utils-3.5.1.jar (org.codehaus.plexus:plexus-utils:3.5.1) with ExternalDependencyInstrumentingArtifactTransform
Transforming ant-launcher-1.10.13.jar (org.apache.ant:ant-launcher:1.10.13) with ExternalDependencyInstrumentingArtifactTransform
Transforming log4j-api-2.20.0.jar (org.apache.logging.log4j:log4j-api:2.20.0) with ExternalDependencyInstrumentingArtifactTransform

> Configure project :graviton-core
Evaluating project ':graviton-core' using build file 'C:\Users\xskid\OneDrive\Documents\Code\Ai projects\Antigravity\minecraft\Graviton\graviton-core\build.gradle.kts'.
All projects evaluated.
Task path ':graviton-bukkit:shadowJar' matched project ':graviton-bukkit'
Task name matched 'shadowJar'
Selected primary task 'shadowJar' from project :graviton-bukkit
Tasks to be executed: [task ':graviton-bukkit:checkKotlinGradlePluginConfigurationErrors', task ':graviton-core:checkKotlinGradlePluginConfigurationErrors', task ':graviton-core:compileKotlin', task ':graviton-core:compileJava', task ':graviton-core:processResources', task ':graviton-core:classes', task ':graviton-core:jar', task ':graviton-bukkit:compileKotlin', task ':graviton-bukkit:compileJava', task ':graviton-bukkit:processResources', task ':graviton-bukkit:classes', task ':graviton-bukkit:shadowJar']
Tasks that were excluded: []
Resolve mutations for :graviton-bukkit:checkKotlinGradlePluginConfigurationErrors (Thread[#132,Execution worker,5,main]) started.
:graviton-bukkit:checkKotlinGradlePluginConfigurationErrors (Thread[#132,Execution worker,5,main]) started.

> Task :graviton-bukkit:checkKotlinGradlePluginConfigurationErrors SKIPPED
Skipping task ':graviton-bukkit:checkKotlinGradlePluginConfigurationErrors' as task onlyIf 'errorDiagnostics are present' is false.
Resolve mutations for :graviton-core:checkKotlinGradlePluginConfigurationErrors (Thread[#132,Execution worker,5,main]) started.
:graviton-core:checkKotlinGradlePluginConfigurationErrors (Thread[#132,Execution worker,5,main]) started.

> Task :graviton-core:checkKotlinGradlePluginConfigurationErrors SKIPPED
Skipping task ':graviton-core:checkKotlinGradlePluginConfigurationErrors' as task onlyIf 'errorDiagnostics are present' is false.
Resolve mutations for :graviton-core:compileKotlin (Thread[#131,included builds,5,main]) started.
:graviton-core:compileKotlin (Thread[#131,included builds,5,main]) started.

> Task :graviton-core:compileKotlin NO-SOURCE
Skipping task ':graviton-core:compileKotlin' as it has no source files and no previous output files.
Resolve mutations for :graviton-core:compileJava (Thread[#131,included builds,5,main]) started.
:graviton-core:compileJava (Thread[#131,included builds,5,main]) started.

> Task :graviton-core:compileJava NO-SOURCE
Skipping task ':graviton-core:compileJava' as it has no source files and no previous output files.
Resolve mutations for :graviton-core:processResources (Thread[#131,included builds,5,main]) started.
:graviton-core:processResources (Thread[#131,included builds,5,main]) started.

> Task :graviton-core:processResources NO-SOURCE
Skipping task ':graviton-core:processResources' as it has no source files and no previous output files.
Resolve mutations for :graviton-core:classes (Thread[#131,included builds,5,main]) started.
:graviton-core:classes (Thread[#131,included builds,5,main]) started.

> Task :graviton-core:classes UP-TO-DATE
Skipping task ':graviton-core:classes' as it has no actions.
Resolve mutations for :graviton-core:jar (Thread[#131,included builds,5,main]) started.
:graviton-core:jar (Thread[#131,included builds,5,main]) started.

> Task :graviton-core:jar UP-TO-DATE
Caching disabled for task ':graviton-core:jar' because:
  Build cache is disabled
  Not worth caching
Skipping task ':graviton-core:jar' as it is up-to-date.
Resolve mutations for :graviton-bukkit:processResources (Thread[#132,Execution worker,5,main]) started.
work action resolve graviton-core-0.1.0-SNAPSHOT.jar (project :graviton-core) (Thread[#131,included builds,5,main]) started.
:graviton-bukkit:processResources (Thread[#132,Execution worker,5,main]) started.

> Task :graviton-bukkit:processResources UP-TO-DATE
Caching disabled for task ':graviton-bukkit:processResources' because:
  Build cache is disabled
  Not worth caching
Skipping task ':graviton-bukkit:processResources' as it is up-to-date.
Resolve mutations for :graviton-bukkit:compileKotlin (Thread[#132,Execution worker,5,main]) started.
:graviton-bukkit:compileKotlin (Thread[#132,Execution worker,5,main]) started.

> Task :graviton-bukkit:compileKotlin UP-TO-DATE
Transforming graviton-core-0.1.0-SNAPSHOT.jar with BuildToolsApiClasspathEntrySnapshotTransform
Transforming kotlin-stdlib-2.0.21.jar with BuildToolsApiClasspathEntrySnapshotTransform
Transforming paper-api-1.21.1-R0.1-SNAPSHOT.jar with BuildToolsApiClasspathEntrySnapshotTransform
Transforming adventure-key-4.17.0.jar with BuildToolsApiClasspathEntrySnapshotTransform
Transforming adventure-text-logger-slf4j-4.17.0.jar with BuildToolsApiClasspathEntrySnapshotTransform
Transforming adventure-text-serializer-gson-4.17.0.jar with BuildToolsApiClasspathEntrySnapshotTransform
Transforming adventure-text-serializer-legacy-4.17.0.jar with BuildToolsApiClasspathEntrySnapshotTransform
Transforming adventure-text-serializer-plain-4.17.0.jar with BuildToolsApiClasspathEntrySnapshotTransform
Transforming adventure-text-serializer-json-4.17.0.jar with BuildToolsApiClasspathEntrySnapshotTransform
Transforming adventure-text-minimessage-4.17.0.jar with BuildToolsApiClasspathEntrySnapshotTransform
Transforming adventure-api-4.17.0.jar with BuildToolsApiClasspathEntrySnapshotTransform
Transforming examination-string-1.3.0.jar with BuildToolsApiClasspathEntrySnapshotTransform
Transforming examination-api-1.3.0.jar with BuildToolsApiClasspathEntrySnapshotTransform
Transforming option-1.0.0.jar with BuildToolsApiClasspathEntrySnapshotTransform
Transforming annotations-24.1.0.jar with BuildToolsApiClasspathEntrySnapshotTransform
Transforming brigadier-1.2.9.jar with BuildToolsApiClasspathEntrySnapshotTransform
Transforming guava-32.1.2-jre.jar with BuildToolsApiClasspathEntrySnapshotTransform
Transforming bungeecord-chat-1.20-R0.2-deprecated+build.18.jar with BuildToolsApiClasspathEntrySnapshotTransform
Transforming gson-2.10.1.jar with BuildToolsApiClasspathEntrySnapshotTransform
Transforming snakeyaml-2.2.jar with BuildToolsApiClasspathEntrySnapshotTransform
Transforming joml-1.10.5.jar with BuildToolsApiClasspathEntrySnapshotTransform
Transforming json-simple-1.1.1.jar with BuildToolsApiClasspathEntrySnapshotTransform
Transforming fastutil-8.5.6.jar with BuildToolsApiClasspathEntrySnapshotTransform
Transforming log4j-api-2.17.1.jar with BuildToolsApiClasspathEntrySnapshotTransform
Transforming maven-resolver-provider-3.9.6.jar with BuildToolsApiClasspathEntrySnapshotTransform
Transforming maven-resolver-impl-1.9.18.jar with BuildToolsApiClasspathEntrySnapshotTransform
Transforming maven-resolver-named-locks-1.9.18.jar with BuildToolsApiClasspathEntrySnapshotTransform
Transforming slf4j-api-2.0.9.jar with BuildToolsApiClasspathEntrySnapshotTransform
Transforming jspecify-1.0.0.jar with BuildToolsApiClasspathEntrySnapshotTransform
Transforming checker-qual-3.33.0.jar with BuildToolsApiClasspathEntrySnapshotTransform
Transforming failureaccess-1.0.1.jar with BuildToolsApiClasspathEntrySnapshotTransform
Transforming listenablefuture-9999.0-empty-to-avoid-conflict-with-guava.jar with BuildToolsApiClasspathEntrySnapshotTransform
Transforming jsr305-3.0.2.jar with BuildToolsApiClasspathEntrySnapshotTransform
Transforming error_prone_annotations-2.18.0.jar with BuildToolsApiClasspathEntrySnapshotTransform
Transforming j2objc-annotations-2.8.jar with BuildToolsApiClasspathEntrySnapshotTransform
Transforming maven-model-builder-3.9.6.jar with BuildToolsApiClasspathEntrySnapshotTransform
Transforming maven-model-3.9.6.jar with BuildToolsApiClasspathEntrySnapshotTransform
Transforming maven-repository-metadata-3.9.6.jar with BuildToolsApiClasspathEntrySnapshotTransform
Transforming maven-resolver-spi-1.9.18.jar with BuildToolsApiClasspathEntrySnapshotTransform
Transforming maven-resolver-util-1.9.18.jar with BuildToolsApiClasspathEntrySnapshotTransform
Transforming maven-resolver-api-1.9.18.jar with BuildToolsApiClasspathEntrySnapshotTransform
Transforming maven-artifact-3.9.6.jar with BuildToolsApiClasspathEntrySnapshotTransform
Transforming plexus-utils-3.5.1.jar with BuildToolsApiClasspathEntrySnapshotTransform
Transforming javax.inject-1.jar with BuildToolsApiClasspathEntrySnapshotTransform
Transforming auto-service-annotations-1.1.1.jar with BuildToolsApiClasspathEntrySnapshotTransform
Transforming plexus-interpolation-1.26.jar with BuildToolsApiClasspathEntrySnapshotTransform
Transforming maven-builder-support-3.9.6.jar with BuildToolsApiClasspathEntrySnapshotTransform
Transforming org.eclipse.sisu.inject-0.9.0.M2.jar with BuildToolsApiClasspathEntrySnapshotTransform
Transforming commons-lang3-3.12.0.jar with BuildToolsApiClasspathEntrySnapshotTransform
Caching disabled for task ':graviton-bukkit:compileKotlin' because:
  Build cache is disabled
Skipping task ':graviton-bukkit:compileKotlin' as it is up-to-date.
Resolve mutations for :graviton-bukkit:compileJava (Thread[#132,Execution worker,5,main]) started.
:graviton-bukkit:compileJava (Thread[#132,Execution worker,5,main]) started.

> Task :graviton-bukkit:compileJava NO-SOURCE
Skipping task ':graviton-bukkit:compileJava' as it has no source files and no previous output files.
Resolve mutations for :graviton-bukkit:classes (Thread[#132,Execution worker,5,main]) started.
:graviton-bukkit:classes (Thread[#132,Execution worker,5,main]) started.

> Task :graviton-bukkit:classes UP-TO-DATE
Skipping task ':graviton-bukkit:classes' as it has no actions.
Resolve mutations for :graviton-bukkit:shadowJar (Thread[#132,Execution worker,5,main]) started.
:graviton-bukkit:shadowJar (Thread[#132,Execution worker,5,main]) started.

> Task :graviton-bukkit:shadowJar FAILED
Custom actions are attached to task ':graviton-bukkit:shadowJar'.
Caching disabled for task ':graviton-bukkit:shadowJar' because:
  Build cache is disabled
Task ':graviton-bukkit:shadowJar' is not up-to-date because:
  Task has failed previously.
file or directory 'C:\Users\xskid\OneDrive\Documents\Code\Ai projects\Antigravity\minecraft\Graviton\graviton-bukkit\build\classes\java\main', not found
ex
org.gradle.api.GradleException: Could not add file 'C:\Users\xskid\OneDrive\Documents\Code\Ai projects\Antigravity\minecraft\Graviton\graviton-bukkit\build\classes\kotlin\main\services\afroforge\graviton\GravitonPlugin.class' to ZIP 'C:\Users\xskid\OneDrive\Documents\Code\Ai projects\Antigravity\minecraft\Graviton\graviton-bukkit\build\libs\graviton-bukkit-0.1.0-SNAPSHOT.jar'.
	at java.base/jdk.internal.reflect.DirectConstructorHandleAccessor.newInstance(DirectConstructorHandleAccessor.java:62)
	at java.base/java.lang.reflect.Constructor.newInstanceWithCaller(Constructor.java:502)
	at java.base/java.lang.reflect.Constructor.newInstance(Constructor.java:486)
	at org.codehaus.groovy.reflection.CachedConstructor.invoke(CachedConstructor.java:72)
	at org.codehaus.groovy.runtime.callsite.ConstructorSite$ConstructorSiteNoUnwrapNoCoerce.callConstructor(ConstructorSite.java:105)
	at org.codehaus.groovy.runtime.callsite.CallSiteArray.defaultCallConstructor(CallSiteArray.java:59)
	at org.codehaus.groovy.runtime.callsite.AbstractCallSite.callConstructor(AbstractCallSite.java:263)
	at org.gradle.internal.classpath.intercept.DefaultCallSiteDecorator$DecoratingCallSite.lambda$callConstructor$2(DefaultCallSiteDecorator.java:183)
	at org.gradle.internal.classpath.intercept.InvocationImpl.callNext(InvocationImpl.java:63)
	at org.gradle.internal.classpath.intercept.DefaultCallSiteDecorator$1.intercept(DefaultCallSiteDecorator.java:64)
	at org.gradle.internal.classpath.intercept.DefaultCallSiteDecorator$DecoratingCallSite.callConstructor(DefaultCallSiteDecorator.java:182)
	at org.codehaus.groovy.runtime.callsite.AbstractCallSite.callConstructor(AbstractCallSite.java:286)
	at com.github.jengelman.gradle.plugins.shadow.tasks.ShadowCopyAction$StreamAction.visitFile(ShadowCopyAction.groovy:243)
	at java.base/jdk.internal.reflect.DirectMethodHandleAccessor.invoke(DirectMethodHandleAccessor.java:103)
	at java.base/java.lang.reflect.Method.invoke(Method.java:580)
	at org.codehaus.groovy.runtime.callsite.PlainObjectMetaMethodSite.doInvoke(PlainObjectMetaMethodSite.java:48)
	at org.codehaus.groovy.runtime.callsite.PogoMetaMethodSite$PogoCachedMethodSiteNoUnwrapNoCoerce.invoke(PogoMetaMethodSite.java:189)
	at org.codehaus.groovy.runtime.callsite.PogoMetaMethodSite.callCurrent(PogoMetaMethodSite.java:57)
	at org.codehaus.groovy.runtime.callsite.AbstractCallSite.callCurrent(AbstractCallSite.java:185)
	at com.github.jengelman.gradle.plugins.shadow.tasks.ShadowCopyAction$BaseStreamAction.processFile(ShadowCopyAction.groovy:181)
	at org.gradle.api.internal.file.copy.NormalizingCopyActionDecorator.lambda$execute$0(NormalizingCopyActionDecorator.java:72)
	at org.gradle.api.internal.file.copy.DuplicateHandlingCopyActionDecorator.lambda$execute$0(DuplicateHandlingCopyActionDecorator.java:71)
	at org.gradle.api.internal.file.copy.CopyFileVisitorImpl.processFile(CopyFileVisitorImpl.java:68)
	at org.gradle.api.internal.file.copy.CopyFileVisitorImpl.visitFile(CopyFileVisitorImpl.java:52)
	at org.gradle.api.internal.file.collections.PathVisitor.visitFile(PathVisitor.java:88)
	at org.gradle.api.internal.file.collections.PathVisitor.visitFile(PathVisitor.java:38)
	at java.base/java.nio.file.Files.walkFileTree(Files.java:2799)
	at org.gradle.api.internal.file.collections.DefaultDirectoryWalker.walkDir(DefaultDirectoryWalker.java:44)
	at org.gradle.api.internal.file.collections.DirectoryFileTree.walkDir(DirectoryFileTree.java:150)
	at org.gradle.api.internal.file.collections.DirectoryFileTree.visitFrom(DirectoryFileTree.java:128)
	at org.gradle.api.internal.file.collections.DirectoryFileTree.visit(DirectoryFileTree.java:114)
	at org.gradle.api.internal.file.collections.FileTreeAdapter.visit(FileTreeAdapter.java:110)
	at org.gradle.api.internal.file.CompositeFileTree.visit(CompositeFileTree.java:108)
	at org.gradle.api.internal.file.copy.CopySpecActionImpl.execute(CopySpecActionImpl.java:43)
	at org.gradle.api.internal.file.copy.CopySpecActionImpl.execute(CopySpecActionImpl.java:25)
	at org.gradle.api.internal.file.copy.DefaultCopySpec$DefaultCopySpecResolver.walk(DefaultCopySpec.java:888)
	at org.gradle.api.internal.file.copy.DefaultCopySpec$DefaultCopySpecResolver.walk(DefaultCopySpec.java:890)
	at org.gradle.api.internal.file.copy.DefaultCopySpec.walk(DefaultCopySpec.java:595)
	at org.gradle.api.internal.file.copy.CopySpecBackedCopyActionProcessingStream.process(CopySpecBackedCopyActionProcessingStream.java:42)
	at org.gradle.api.internal.file.copy.DuplicateHandlingCopyActionDecorator.lambda$execute$1(DuplicateHandlingCopyActionDecorator.java:51)
	at org.gradle.api.internal.file.copy.NormalizingCopyActionDecorator.lambda$execute$1(NormalizingCopyActionDecorator.java:64)
	at org.gradle.api.internal.file.copy.CopyActionProcessingStream$process.call(Unknown Source)
	at org.codehaus.groovy.runtime.callsite.CallSiteArray.defaultCall(CallSiteArray.java:47)
	at org.codehaus.groovy.runtime.callsite.AbstractCallSite.call(AbstractCallSite.java:125)
	at org.codehaus.groovy.runtime.callsite.AbstractCallSite.call(AbstractCallSite.java:139)
	at com.github.jengelman.gradle.plugins.shadow.tasks.ShadowCopyAction$2.execute(ShadowCopyAction.groovy:108)
	at com.github.jengelman.gradle.plugins.shadow.tasks.ShadowCopyAction$2$execute.call(Unknown Source)
	at org.codehaus.groovy.runtime.callsite.CallSiteArray.defaultCall(CallSiteArray.java:47)
	at org.codehaus.groovy.runtime.callsite.AbstractCallSite.call(AbstractCallSite.java:125)
	at org.gradle.internal.classpath.intercept.DefaultCallSiteDecorator$DecoratingCallSite.lambda$call$0(DefaultCallSiteDecorator.java:159)
	at org.gradle.internal.classpath.intercept.InvocationImpl.callNext(InvocationImpl.java:63)
	at org.gradle.internal.classpath.Instrumented$ProcessGroovyMethodsExecuteInterceptor.intercept(Instrumented.java:720)
	at org.gradle.internal.classpath.intercept.DefaultCallSiteDecorator$DecoratingCallSite.call(DefaultCallSiteDecorator.java:158)
	at org.codehaus.groovy.runtime.callsite.AbstractCallSite.call(AbstractCallSite.java:139)
	at com.github.jengelman.gradle.plugins.shadow.tasks.ShadowCopyAction.withResource(ShadowCopyAction.groovy:150)
	at java.base/jdk.internal.reflect.DirectMethodHandleAccessor.invoke(DirectMethodHandleAccessor.java:103)
	at java.base/java.lang.reflect.Method.invoke(Method.java:580)
	at org.codehaus.groovy.reflection.CachedMethod.invoke(CachedMethod.java:107)
	at org.codehaus.groovy.runtime.callsite.StaticMetaMethodSite$StaticMetaMethodSiteNoUnwrapNoCoerce.invoke(StaticMetaMethodSite.java:149)
	at org.codehaus.groovy.runtime.callsite.StaticMetaMethodSite.callStatic(StaticMetaMethodSite.java:100)
	at org.codehaus.groovy.runtime.callsite.CallSiteArray.defaultCallStatic(CallSiteArray.java:55)
	at org.codehaus.groovy.runtime.callsite.AbstractCallSite.callStatic(AbstractCallSite.java:217)
	at org.codehaus.groovy.runtime.callsite.AbstractCallSite.callStatic(AbstractCallSite.java:240)
	at com.github.jengelman.gradle.plugins.shadow.tasks.ShadowCopyAction.execute(ShadowCopyAction.groovy:105)
	at org.gradle.api.internal.file.copy.NormalizingCopyActionDecorator.execute(NormalizingCopyActionDecorator.java:63)
	at org.gradle.api.internal.file.copy.DuplicateHandlingCopyActionDecorator.execute(DuplicateHandlingCopyActionDecorator.java:51)
	at org.gradle.api.internal.file.copy.CopyActionExecuter.execute(CopyActionExecuter.java:48)
	at org.gradle.api.tasks.AbstractCopyTask.copy(AbstractCopyTask.java:155)
	at com.github.jengelman.gradle.plugins.shadow.tasks.ShadowJar.copy(ShadowJar.java:161)
	at java.base/jdk.internal.reflect.DirectMethodHandleAccessor.invoke(DirectMethodHandleAccessor.java:103)
	at java.base/java.lang.reflect.Method.invoke(Method.java:580)
	at org.gradle.internal.reflect.JavaMethod.invoke(JavaMethod.java:125)
	at org.gradle.api.internal.project.taskfactory.StandardTaskAction.doExecute(StandardTaskAction.java:58)
	at org.gradle.api.internal.project.taskfactory.StandardTaskAction.execute(StandardTaskAction.java:51)
	at org.gradle.api.internal.project.taskfactory.StandardTaskAction.execute(StandardTaskAction.java:29)
	at org.gradle.api.internal.tasks.execution.TaskExecution$3.run(TaskExecution.java:244)
	at org.gradle.internal.operations.DefaultBuildOperationRunner$1.execute(DefaultBuildOperationRunner.java:29)
	at org.gradle.internal.operations.DefaultBuildOperationRunner$1.execute(DefaultBuildOperationRunner.java:26)
	at org.gradle.internal.operations.DefaultBuildOperationRunner$2.execute(DefaultBuildOperationRunner.java:66)
	at org.gradle.internal.operations.DefaultBuildOperationRunner$2.execute(DefaultBuildOperationRunner.java:59)
	at org.gradle.internal.operations.DefaultBuildOperationRunner.execute(DefaultBuildOperationRunner.java:166)
	at org.gradle.internal.operations.DefaultBuildOperationRunner.execute(DefaultBuildOperationRunner.java:59)
	at org.gradle.internal.operations.DefaultBuildOperationRunner.run(DefaultBuildOperationRunner.java:47)
	at org.gradle.api.internal.tasks.execution.TaskExecution.executeAction(TaskExecution.java:229)
	at org.gradle.api.internal.tasks.execution.TaskExecution.executeActions(TaskExecution.java:212)
	at org.gradle.api.internal.tasks.execution.TaskExecution.executeWithPreviousOutputFiles(TaskExecution.java:195)
	at org.gradle.api.internal.tasks.execution.TaskExecution.execute(TaskExecution.java:162)
	at org.gradle.internal.execution.steps.ExecuteStep.executeInternal(ExecuteStep.java:105)
	at org.gradle.internal.execution.steps.ExecuteStep.access$000(ExecuteStep.java:44)
	at org.gradle.internal.execution.steps.ExecuteStep$1.call(ExecuteStep.java:59)
	at org.gradle.internal.execution.steps.ExecuteStep$1.call(ExecuteStep.java:56)
	at org.gradle.internal.operations.DefaultBuildOperationRunner$CallableBuildOperationWorker.execute(DefaultBuildOperationRunner.java:209)
	at org.gradle.internal.operations.DefaultBuildOperationRunner$CallableBuildOperationWorker.execute(DefaultBuildOperationRunner.java:204)
	at org.gradle.internal.operations.DefaultBuildOperationRunner$2.execute(DefaultBuildOperationRunner.java:66)
	at org.gradle.internal.operations.DefaultBuildOperationRunner$2.execute(DefaultBuildOperationRunner.java:59)
	at org.gradle.internal.operations.DefaultBuildOperationRunner.execute(DefaultBuildOperationRunner.java:166)
	at org.gradle.internal.operations.DefaultBuildOperationRunner.execute(DefaultBuildOperationRunner.java:59)
	at org.gradle.internal.operations.DefaultBuildOperationRunner.call(DefaultBuildOperationRunner.java:53)
	at org.gradle.internal.execution.steps.ExecuteStep.execute(ExecuteStep.java:56)
	at org.gradle.internal.execution.steps.ExecuteStep.execute(ExecuteStep.java:44)
	at org.gradle.internal.execution.steps.CancelExecutionStep.execute(CancelExecutionStep.java:42)
	at org.gradle.internal.execution.steps.TimeoutStep.executeWithoutTimeout(TimeoutStep.java:75)
	at org.gradle.internal.execution.steps.TimeoutStep.execute(TimeoutStep.java:55)
	at org.gradle.internal.execution.steps.PreCreateOutputParentsStep.execute(PreCreateOutputParentsStep.java:50)
	at org.gradle.internal.execution.steps.PreCreateOutputParentsStep.execute(PreCreateOutputParentsStep.java:28)
	at org.gradle.internal.execution.steps.RemovePreviousOutputsStep.execute(RemovePreviousOutputsStep.java:67)
	at org.gradle.internal.execution.steps.RemovePreviousOutputsStep.execute(RemovePreviousOutputsStep.java:37)
	at org.gradle.internal.execution.steps.BroadcastChangingOutputsStep.execute(BroadcastChangingOutputsStep.java:61)
	at org.gradle.internal.execution.steps.BroadcastChangingOutputsStep.execute(BroadcastChangingOutputsStep.java:26)
	at org.gradle.internal.execution.steps.CaptureOutputsAfterExecutionStep.execute(CaptureOutputsAfterExecutionStep.java:69)
	at org.gradle.internal.execution.steps.CaptureOutputsAfterExecutionStep.execute(CaptureOutputsAfterExecutionStep.java:46)
	at org.gradle.internal.execution.steps.ResolveInputChangesStep.execute(ResolveInputChangesStep.java:40)
	at org.gradle.internal.execution.steps.ResolveInputChangesStep.execute(ResolveInputChangesStep.java:29)
	at org.gradle.internal.execution.steps.BuildCacheStep.executeWithoutCache(BuildCacheStep.java:189)
	at org.gradle.internal.execution.steps.BuildCacheStep.lambda$execute$1(BuildCacheStep.java:75)
	at org.gradle.internal.Either$Right.fold(Either.java:175)
	at org.gradle.internal.execution.caching.CachingState.fold(CachingState.java:62)
	at org.gradle.internal.execution.steps.BuildCacheStep.execute(BuildCacheStep.java:73)
	at org.gradle.internal.execution.steps.BuildCacheStep.execute(BuildCacheStep.java:48)
	at org.gradle.internal.execution.steps.StoreExecutionStateStep.execute(StoreExecutionStateStep.java:46)
	at org.gradle.internal.execution.steps.StoreExecutionStateStep.execute(StoreExecutionStateStep.java:35)
	at org.gradle.internal.execution.steps.SkipUpToDateStep.executeBecause(SkipUpToDateStep.java:75)
	at org.gradle.internal.execution.steps.SkipUpToDateStep.lambda$execute$2(SkipUpToDateStep.java:53)
	at java.base/java.util.Optional.orElseGet(Optional.java:364)
	at org.gradle.internal.execution.steps.SkipUpToDateStep.execute(SkipUpToDateStep.java:53)
	at org.gradle.internal.execution.steps.SkipUpToDateStep.execute(SkipUpToDateStep.java:35)
	at org.gradle.internal.execution.steps.legacy.MarkSnapshottingInputsFinishedStep.execute(MarkSnapshottingInputsFinishedStep.java:37)
	at org.gradle.internal.execution.steps.legacy.MarkSnapshottingInputsFinishedStep.execute(MarkSnapshottingInputsFinishedStep.java:27)
	at org.gradle.internal.execution.steps.ResolveIncrementalCachingStateStep.executeDelegate(ResolveIncrementalCachingStateStep.java:49)
	at org.gradle.internal.execution.steps.ResolveIncrementalCachingStateStep.executeDelegate(ResolveIncrementalCachingStateStep.java:27)
	at org.gradle.internal.execution.steps.AbstractResolveCachingStateStep.execute(AbstractResolveCachingStateStep.java:71)
	at org.gradle.internal.execution.steps.AbstractResolveCachingStateStep.execute(AbstractResolveCachingStateStep.java:39)
	at org.gradle.internal.execution.steps.ResolveChangesStep.execute(ResolveChangesStep.java:65)
	at org.gradle.internal.execution.steps.ResolveChangesStep.execute(ResolveChangesStep.java:36)
	at org.gradle.internal.execution.steps.ValidateStep.execute(ValidateStep.java:107)
	at org.gradle.internal.execution.steps.ValidateStep.execute(ValidateStep.java:56)
	at org.gradle.internal.execution.steps.AbstractCaptureStateBeforeExecutionStep.execute(AbstractCaptureStateBeforeExecutionStep.java:64)
	at org.gradle.internal.execution.steps.AbstractCaptureStateBeforeExecutionStep.execute(AbstractCaptureStateBeforeExecutionStep.java:43)
	at org.gradle.internal.execution.steps.AbstractSkipEmptyWorkStep.executeWithNonEmptySources(AbstractSkipEmptyWorkStep.java:125)
	at org.gradle.internal.execution.steps.AbstractSkipEmptyWorkStep.execute(AbstractSkipEmptyWorkStep.java:61)
	at org.gradle.internal.execution.steps.AbstractSkipEmptyWorkStep.execute(AbstractSkipEmptyWorkStep.java:36)
	at org.gradle.internal.execution.steps.legacy.MarkSnapshottingInputsStartedStep.execute(MarkSnapshottingInputsStartedStep.java:38)
	at org.gradle.internal.execution.steps.LoadPreviousExecutionStateStep.execute(LoadPreviousExecutionStateStep.java:36)
	at org.gradle.internal.execution.steps.LoadPreviousExecutionStateStep.execute(LoadPreviousExecutionStateStep.java:23)
	at org.gradle.internal.execution.steps.HandleStaleOutputsStep.execute(HandleStaleOutputsStep.java:75)
	at org.gradle.internal.execution.steps.HandleStaleOutputsStep.execute(HandleStaleOutputsStep.java:41)
	at org.gradle.internal.execution.steps.AssignMutableWorkspaceStep.lambda$execute$0(AssignMutableWorkspaceStep.java:35)
	at org.gradle.api.internal.tasks.execution.TaskExecution$4.withWorkspace(TaskExecution.java:289)
	at org.gradle.internal.execution.steps.AssignMutableWorkspaceStep.execute(AssignMutableWorkspaceStep.java:31)
	at org.gradle.internal.execution.steps.AssignMutableWorkspaceStep.execute(AssignMutableWorkspaceStep.java:22)
	at org.gradle.internal.execution.steps.ChoosePipelineStep.execute(ChoosePipelineStep.java:40)
	at org.gradle.internal.execution.steps.ChoosePipelineStep.execute(ChoosePipelineStep.java:23)
	at org.gradle.internal.execution.steps.ExecuteWorkBuildOperationFiringStep.lambda$execute$2(ExecuteWorkBuildOperationFiringStep.java:67)
	at java.base/java.util.Optional.orElseGet(Optional.java:364)
	at org.gradle.internal.execution.steps.ExecuteWorkBuildOperationFiringStep.execute(ExecuteWorkBuildOperationFiringStep.java:67)
	at org.gradle.internal.execution.steps.ExecuteWorkBuildOperationFiringStep.execute(ExecuteWorkBuildOperationFiringStep.java:39)
	at org.gradle.internal.execution.steps.IdentityCacheStep.execute(IdentityCacheStep.java:46)
	at org.gradle.internal.execution.steps.IdentityCacheStep.execute(IdentityCacheStep.java:34)
	at org.gradle.internal.execution.steps.IdentifyStep.execute(IdentifyStep.java:48)
	at org.gradle.internal.execution.steps.IdentifyStep.execute(IdentifyStep.java:35)
	at org.gradle.internal.execution.impl.DefaultExecutionEngine$1.execute(DefaultExecutionEngine.java:61)
	at org.gradle.api.internal.tasks.execution.ExecuteActionsTaskExecuter.executeIfValid(ExecuteActionsTaskExecuter.java:127)
	at org.gradle.api.internal.tasks.execution.ExecuteActionsTaskExecuter.execute(ExecuteActionsTaskExecuter.java:116)
	at org.gradle.api.internal.tasks.execution.FinalizePropertiesTaskExecuter.execute(FinalizePropertiesTaskExecuter.java:46)
	at org.gradle.api.internal.tasks.execution.ResolveTaskExecutionModeExecuter.execute(ResolveTaskExecutionModeExecuter.java:51)
	at org.gradle.api.internal.tasks.execution.SkipTaskWithNoActionsExecuter.execute(SkipTaskWithNoActionsExecuter.java:57)
	at org.gradle.api.internal.tasks.execution.SkipOnlyIfTaskExecuter.execute(SkipOnlyIfTaskExecuter.java:74)
	at org.gradle.api.internal.tasks.execution.CatchExceptionTaskExecuter.execute(CatchExceptionTaskExecuter.java:36)
	at org.gradle.api.internal.tasks.execution.EventFiringTaskExecuter$1.executeTask(EventFiringTaskExecuter.java:77)
	at org.gradle.api.internal.tasks.execution.EventFiringTaskExecuter$1.call(EventFiringTaskExecuter.java:55)
	at org.gradle.api.internal.tasks.execution.EventFiringTaskExecuter$1.call(EventFiringTaskExecuter.java:52)
	at org.gradle.internal.operations.DefaultBuildOperationRunner$CallableBuildOperationWorker.execute(DefaultBuildOperationRunner.java:209)
	at org.gradle.internal.operations.DefaultBuildOperationRunner$CallableBuildOperationWorker.execute(DefaultBuildOperationRunner.java:204)
	at org.gradle.internal.operations.DefaultBuildOperationRunner$2.execute(DefaultBuildOperationRunner.java:66)
	at org.gradle.internal.operations.DefaultBuildOperationRunner$2.execute(DefaultBuildOperationRunner.java:59)
	at org.gradle.internal.operations.DefaultBuildOperationRunner.execute(DefaultBuildOperationRunner.java:166)
	at org.gradle.internal.operations.DefaultBuildOperationRunner.execute(DefaultBuildOperationRunner.java:59)
	at org.gradle.internal.operations.DefaultBuildOperationRunner.call(DefaultBuildOperationRunner.java:53)
	at org.gradle.api.internal.tasks.execution.EventFiringTaskExecuter.execute(EventFiringTaskExecuter.java:52)
	at org.gradle.execution.plan.LocalTaskNodeExecutor.execute(LocalTaskNodeExecutor.java:42)
	at org.gradle.execution.taskgraph.DefaultTaskExecutionGraph$InvokeNodeExecutorsAction.execute(DefaultTaskExecutionGraph.java:331)
	at org.gradle.execution.taskgraph.DefaultTaskExecutionGraph$InvokeNodeExecutorsAction.execute(DefaultTaskExecutionGraph.java:318)
	at org.gradle.execution.taskgraph.DefaultTaskExecutionGraph$BuildOperationAwareExecutionAction.lambda$execute$0(DefaultTaskExecutionGraph.java:314)
	at org.gradle.internal.operations.CurrentBuildOperationRef.with(CurrentBuildOperationRef.java:85)
	at org.gradle.execution.taskgraph.DefaultTaskExecutionGraph$BuildOperationAwareExecutionAction.execute(DefaultTaskExecutionGraph.java:314)
	at org.gradle.execution.taskgraph.DefaultTaskExecutionGraph$BuildOperationAwareExecutionAction.execute(DefaultTaskExecutionGraph.java:303)
	at org.gradle.execution.plan.DefaultPlanExecutor$ExecutorWorker.execute(DefaultPlanExecutor.java:459)
	at org.gradle.execution.plan.DefaultPlanExecutor$ExecutorWorker.run(DefaultPlanExecutor.java:376)
	at org.gradle.internal.concurrent.ExecutorPolicy$CatchAndRecordFailures.onExecute(ExecutorPolicy.java:64)
	at org.gradle.internal.concurrent.AbstractManagedExecutor$1.run(AbstractManagedExecutor.java:48)
	at java.base/java.util.concurrent.ThreadPoolExecutor.runWorker(ThreadPoolExecutor.java:1144)
	at java.base/java.util.concurrent.ThreadPoolExecutor$Worker.run(ThreadPoolExecutor.java:642)
	at java.base/java.lang.Thread.run(Thread.java:1583)
Caused by: java.lang.IllegalArgumentException: Unsupported class file major version 65
	at org.objectweb.asm.ClassReader.<init>(ClassReader.java:199)
	at org.objectweb.asm.ClassReader.<init>(ClassReader.java:180)
	at org.objectweb.asm.ClassReader.<init>(ClassReader.java:166)
	at org.objectweb.asm.ClassReader.<init>(ClassReader.java:287)
	at java.base/jdk.internal.reflect.DirectConstructorHandleAccessor.newInstance(DirectConstructorHandleAccessor.java:62)
	at java.base/java.lang.reflect.Constructor.newInstanceWithCaller(Constructor.java:502)
	at java.base/java.lang.reflect.Constructor.newInstance(Constructor.java:486)
	at org.codehaus.groovy.reflection.CachedConstructor.invoke(CachedConstructor.java:72)
	at org.codehaus.groovy.runtime.callsite.ConstructorSite$ConstructorSiteNoUnwrapNoCoerce.callConstructor(ConstructorSite.java:105)
	at org.codehaus.groovy.runtime.callsite.CallSiteArray.defaultCallConstructor(CallSiteArray.java:59)
	at org.codehaus.groovy.runtime.callsite.AbstractCallSite.callConstructor(AbstractCallSite.java:263)
	at org.gradle.internal.classpath.intercept.DefaultCallSiteDecorator$DecoratingCallSite.lambda$callConstructor$2(DefaultCallSiteDecorator.java:183)
	at org.gradle.internal.classpath.intercept.InvocationImpl.callNext(InvocationImpl.java:63)
	at org.gradle.internal.classpath.intercept.DefaultCallSiteDecorator$1.intercept(DefaultCallSiteDecorator.java:64)
	at org.gradle.internal.classpath.intercept.DefaultCallSiteDecorator$DecoratingCallSite.callConstructor(DefaultCallSiteDecorator.java:182)
	at org.codehaus.groovy.runtime.callsite.AbstractCallSite.callConstructor(AbstractCallSite.java:277)
	at com.github.jengelman.gradle.plugins.shadow.tasks.ShadowCopyAction$StreamAction.remapClass(ShadowCopyAction.groovy:339)
	at java.base/jdk.internal.reflect.DirectMethodHandleAccessor.invoke(DirectMethodHandleAccessor.java:103)
	at java.base/java.lang.reflect.Method.invoke(Method.java:580)
	at org.codehaus.groovy.runtime.callsite.PlainObjectMetaMethodSite.doInvoke(PlainObjectMetaMethodSite.java:48)
	at org.codehaus.groovy.runtime.callsite.PogoMetaMethodSite$PogoCachedMethodSiteNoUnwrapNoCoerce.invoke(PogoMetaMethodSite.java:189)
	at org.codehaus.groovy.runtime.callsite.PogoMetaMethodSite.callCurrent(PogoMetaMethodSite.java:57)
	at org.codehaus.groovy.runtime.callsite.CallSiteArray.defaultCallCurrent(CallSiteArray.java:51)
	at org.codehaus.groovy.runtime.callsite.AbstractCallSite.callCurrent(AbstractCallSite.java:171)
	at org.codehaus.groovy.runtime.callsite.AbstractCallSite.callCurrent(AbstractCallSite.java:203)
	at com.github.jengelman.gradle.plugins.shadow.tasks.ShadowCopyAction$StreamAction.remapClass(ShadowCopyAction.groovy:325)
	at java.base/jdk.internal.reflect.DirectMethodHandleAccessor.invoke(DirectMethodHandleAccessor.java:103)
	at java.base/java.lang.reflect.Method.invoke(Method.java:580)
	at org.codehaus.groovy.runtime.callsite.PlainObjectMetaMethodSite.doInvoke(PlainObjectMetaMethodSite.java:48)
	at org.codehaus.groovy.runtime.callsite.PogoMetaMethodSite$PogoCachedMethodSiteNoUnwrapNoCoerce.invoke(PogoMetaMethodSite.java:189)
	at org.codehaus.groovy.runtime.callsite.PogoMetaMethodSite.callCurrent(PogoMetaMethodSite.java:57)
	at org.codehaus.groovy.runtime.callsite.CallSiteArray.defaultCallCurrent(CallSiteArray.java:51)
	at org.codehaus.groovy.runtime.callsite.AbstractCallSite.callCurrent(AbstractCallSite.java:171)
	at org.codehaus.groovy.runtime.callsite.AbstractCallSite.callCurrent(AbstractCallSite.java:185)
	at com.github.jengelman.gradle.plugins.shadow.tasks.ShadowCopyAction$StreamAction.visitFile(ShadowCopyAction.groovy:239)
	... 180 more

FAILURE: Build failed with an exception.

* What went wrong:
Execution failed for task ':graviton-bukkit:shadowJar'.
> Could not add file 'C:\Users\xskid\OneDrive\Documents\Code\Ai projects\Antigravity\minecraft\Graviton\graviton-bukkit\build\classes\kotlin\main\services\afroforge\graviton\GravitonPlugin.class' to ZIP 'C:\Users\xskid\OneDrive\Documents\Code\Ai projects\Antigravity\minecraft\Graviton\graviton-bukkit\build\libs\graviton-bukkit-0.1.0-SNAPSHOT.jar'.

* Try:
> Run with --stacktrace option to get the stack trace.
> Run with --debug option to get more log output.
> Run with --scan to get full insights.
> Get more help at https://help.gradle.org.

Deprecated Gradle features were used in this build, making it incompatible with Gradle 9.0.

You can use '--warning-mode all' to show the individual deprecation warnings and determine if they come from your own scripts or plugins.

For more on this, please refer to https://docs.gradle.org/8.10.2/userguide/command_line_interface.html#sec:command_line_warnings in the Gradle documentation.

BUILD FAILED in 23s
4 actionable tasks: 1 executed, 3 up-to-date
Watched directory hierarchies: [C:\Users\xskid\OneDrive\Documents\Code\Ai projects\Antigravity\minecraft\Graviton]
